<?xml version="1.0" encoding="UTF-8"?>
<!-- Generated by org.testng.reporters.JUnitReportReporter -->
<testsuite hostname="PC273975" name="com.charter.test.BillPay1" tests="1" failures="0" timestamp="28 Jan 2016 10:46:59 GMT" time="271.395" errors="0">
  <testcase name="TBB_12_Validate_HOH_user_able_to_Manage_BillDelivery_Method_C84921" time="271.395" classname="com.charter.test.BillPay1"/>
</testsuite> <!-- com.charter.test.BillPay1 -->
