<?xml version="1.0" encoding="UTF-8"?>
<!-- Generated by org.testng.reporters.JUnitReportReporter -->
<testsuite hostname="PC273975" name="com.charter.test.ForgotUsername" tests="3" failures="0" timestamp="28 Jan 2016 10:46:59 GMT" time="680.162" errors="0">
  <testcase name="TA65_Validate_ForgotUsername_UsingEmail_confirmationMail" time="364.908" classname="com.charter.test.ForgotUsername"/>
  <testcase name="TA57_Validate_ForgotUsername_ConflictingEmail" time="224.097" classname="com.charter.test.ForgotUsername"/>
  <testcase name="TA58_Validate_ForgotUsername_ConflictingPhone" time="91.157" classname="com.charter.test.ForgotUsername"/>
</testsuite> <!-- com.charter.test.ForgotUsername -->
