<?xml version="1.0" encoding="UTF-8"?>
<!-- Generated by org.testng.reporters.JUnitReportReporter -->
<testsuite hostname="PC273975" name="com.charter.test.Login" tests="10" failures="0" timestamp="29 Jan 2016 12:32:59 GMT" time="689.369" errors="0">
  <testcase name="TL02_Validate_ChaterInvalidLogin" time="64.708" classname="com.charter.test.Login"/>
  <testcase name="TL15_Validate_Acc1_MSLoginConvert_when_Account1_MSLogin_Conflicts_with_Account2_DotNetID" time="59.951" classname="com.charter.test.Login"/>
  <testcase name="TL06_Validate_Convert_AdminUser_Check_HOHLogin" time="78.495" classname="com.charter.test.Login"/>
  <testcase name="TL07_Validate_Convert_twoUsers_SamePassword" time="141.664" classname="com.charter.test.Login"/>
  <testcase name="TL03_Validate_Non_ConvertedUser_UpdateUserPage" time="75.054" classname="com.charter.test.Login"/>
  <testcase name="TL05_Validate_Convert_StdUser_Check_HOHAdminLogin" time="78.233" classname="com.charter.test.Login"/>
  <testcase name="TL17_Validate_Acc1_DotnetIDConvert_when_Account1_MSLogin_Conflicts_with_Account2_DotNetID" time="58.291" classname="com.charter.test.Login"/>
  <testcase name="TL21_Validate_DotNetIDConvert_when_same_MSLogin_DotNetID_samePassword" time="53.245" classname="com.charter.test.Login"/>
  <testcase name="TL23_Validate_Login_HardDisconnectedAccount" time="30.093" classname="com.charter.test.Login"/>
  <testcase name="TL20_Validate_MSLoginConvert_when_same_MSLogin_DotNetID_samePassword" time="49.635" classname="com.charter.test.Login"/>
</testsuite> <!-- com.charter.test.Login -->
