<?xml version="1.0" encoding="UTF-8"?>
<!-- Generated by org.testng.reporters.JUnitReportReporter -->
<testsuite hostname="PC273975" name="com.charter.test.CreateCharter_ID" tests="1" failures="0" timestamp="28 Jan 2016 10:46:59 GMT" time="551.837" errors="0">
  <testcase name="TA01_Validate_HOHUser_CreateID_MACID" time="551.837" classname="com.charter.test.CreateCharter_ID"/>
</testsuite> <!-- com.charter.test.CreateCharter_ID -->
