<?xml version="1.0" encoding="UTF-8"?>
<!-- Generated by org.testng.reporters.JUnitReportReporter -->
<testsuite hostname="PC273975" name="com.charter.test.Sample" tests="1" failures="0" timestamp="27 Jan 2016 09:10:35 GMT" time="48.419" errors="0">
  <testcase name="TC13_Validate_OverviewPage_AvatarImagesViewProfile_HOHUser" time="48.419" classname="com.charter.test.Sample"/>
</testsuite> <!-- com.charter.test.Sample -->
