<?xml version="1.0" encoding="UTF-8"?>
<!-- Generated by org.testng.reporters.JUnitReportReporter -->
<testsuite hostname="PC273975" name="com.charter.test.Login" tests="2" failures="0" timestamp="3 Feb 2016 06:40:27 GMT" time="290.478" errors="0">
  <testcase name="TL02_Validate_ChaterInvalidLogin" time="228.310" classname="com.charter.test.Login"/>
  <testcase name="TL01_Validate_ChaterValidLogin" time="62.168" classname="com.charter.test.Login"/>
</testsuite> <!-- com.charter.test.Login -->
