<?xml version="1.0" encoding="UTF-8"?>
<!-- Generated by org.testng.reporters.JUnitReportReporter -->
<testsuite hostname="PC273975" name="com.charter.test.ForgotPassword" tests="1" failures="0" timestamp="2 Feb 2016 08:05:31 GMT" time="98.042" errors="0">
  <testcase name="TA53_Validate_ForgotPassword_Non_Converted_CharterID" time="98.042" classname="com.charter.test.ForgotPassword"/>
</testsuite> <!-- com.charter.test.ForgotPassword -->
