<?xml version="1.0" encoding="UTF-8"?>
<!-- Generated by org.testng.reporters.JUnitReportReporter -->
<testsuite hostname="PC273975" name="com.charter.test.Home" tests="1" failures="0" timestamp="2 Feb 2016 09:39:29 GMT" time="91.932" errors="0">
  <testcase name="TH07_Validate_WatchAnywhere_LiveTVTab_HOHuser" time="91.932" classname="com.charter.test.Home"/>
</testsuite> <!-- com.charter.test.Home -->
