<?xml version="1.0" encoding="UTF-8"?>
<!-- Generated by org.testng.reporters.JUnitReportReporter -->
<testsuite hostname="PC273975" name="com.charter.test.MyServices" tests="9" failures="0" timestamp="3 Feb 2016 06:10:53 GMT" time="409.736" errors="0">
  <testcase name="TD25_Validate_MyServicesPage_LinksWithLogin" time="53.327" classname="com.charter.test.MyServices"/>
  <testcase name="TD26_Validate_MyServicesPage_LinksWithOutLogin" time="30.226" classname="com.charter.test.MyServices"/>
  <testcase name="TD03_Validate_MyServicesPage_TVNonSubscribedUser_AbleToView_BannerAndSupportVideo" time="55.101" classname="com.charter.test.MyServices"/>
  <testcase name="TD22_Validate_MyServicesPage_VoiceNonSubscribedUser_AbleToView_BannerAndSupportVideo" time="58.184" classname="com.charter.test.MyServices"/>
  <testcase name="TD16_Validate_MyservicesPage_SecuritySuite_NavigateTo_ChaterSecuritySuite" time="36.435" classname="com.charter.test.MyServices"/>
  <testcase name="TD13_Validate_MyServicesPage_InternetNonSubscribedUser_AbleToView_BannerAndSupportVideo" time="60.699" classname="com.charter.test.MyServices"/>
  <testcase name="TD23_Validate_MyServicesPage_CharterPhoneLink_NavigateTo_PhoneOnlineManagerPage" time="39.310" classname="com.charter.test.MyServices"/>
  <testcase name="TD14_Validate_MyServicesPage_ChaterEmail_NavigateTo_EmailInbox" time="40.475" classname="com.charter.test.MyServices"/>
  <testcase name="TD06_Validate_MyServices_TV_Page_UpdateNickname" time="35.979" classname="com.charter.test.MyServices"/>
</testsuite> <!-- com.charter.test.MyServices -->
