<?xml version="1.0" encoding="UTF-8"?>
<!-- Generated by org.testng.reporters.JUnitReportReporter -->
<testsuite hostname="PC273975" name="com.charter.test.CreateCharter_ID" tests="4" failures="0" timestamp="3 Aug 2015 10:02:04 GMT" time="111.973" errors="0">
  <testcase name="TA12_Validate_CreateID_InvalidZipCode_Message" time="24.214" classname="com.charter.test.CreateCharter_ID"/>
  <testcase name="TA13_Validate_CreateID_InvalidMACaddress_Message" time="24.999" classname="com.charter.test.CreateCharter_ID"/>
  <testcase name="TA04_Validate_GetChaterIDLink_NavigateTo_CreateIDPage" time="36.223" classname="com.charter.test.CreateCharter_ID"/>
  <testcase name="TA16_Validate_CreateID_NoDataEntry_Message" time="26.537" classname="com.charter.test.CreateCharter_ID"/>
</testsuite> <!-- com.charter.test.CreateCharter_ID -->
