<?xml version="1.0" encoding="UTF-8"?>
<!-- Generated by org.testng.reporters.JUnitReportReporter -->
<testsuite hostname="PC273975" name="com.charter.test.ForgotUsername" tests="5" failures="0" timestamp="3 Feb 2016 06:10:53 GMT" time="174.345" errors="0">
  <testcase name="TA051_Validate_ForgotUsername_Non_Converted_CharterID" time="31.300" classname="com.charter.test.ForgotUsername"/>
  <testcase name="TA20_Validate_RetrievingChaterID_HOHuser" time="41.390" classname="com.charter.test.ForgotUsername"/>
  <testcase name="TA50_Validate_ForgotUsername_Non_Converted_MS_Login" time="32.106" classname="com.charter.test.ForgotUsername"/>
  <testcase name="TA21_Validate_RetrievingChaterID_AdminUser" time="37.043" classname="com.charter.test.ForgotUsername"/>
  <testcase name="TA22_Validate_RetrievingChaterID_StandardUser" time="32.506" classname="com.charter.test.ForgotUsername"/>
</testsuite> <!-- com.charter.test.ForgotUsername -->
