<?xml version="1.0" encoding="UTF-8"?>
<!-- Generated by org.testng.reporters.JUnitReportReporter -->
<testsuite hostname="PC273975" name="com.charter.test.WatchTV" tests="1" failures="0" timestamp="29 Jul 2015 10:58:20 GMT" time="54.690" errors="0">
  <testcase name="TV14_Validate_WatchTVGuide_DateNavigation" time="54.690" classname="com.charter.test.WatchTV"/>
</testsuite> <!-- com.charter.test.WatchTV -->
