<?xml version="1.0" encoding="UTF-8"?>
<!-- Generated by org.testng.reporters.JUnitReportReporter -->
<testsuite hostname="PC273975" name="com.charter.test.MyAccount" tests="14" failures="0" timestamp="3 Feb 2016 06:10:53 GMT" time="509.350" errors="0">
  <testcase name="TC14_Validate_OverviewPage_NickNameLink_NavigationTo_TVServices" time="45.168" classname="com.charter.test.MyAccount"/>
  <testcase name="TC39_Validate_BillingAndTransactionPage_AskCharterWidget_HOHUser" time="40.568" classname="com.charter.test.MyAccount"/>
  <testcase name="TC52_Validate_InternetServicesPage_CharterSecurityLink_NavigateTo_CharterSecurityPage_HOHUser" time="28.980" classname="com.charter.test.MyAccount"/>
  <testcase name="TC18_Validate_OverviewPage_ServiceEquipmentPanel_Stduser" time="34.830" classname="com.charter.test.MyAccount"/>
  <testcase name="TC57_Validate_VoiceServicesPage_AskCharterWidget_HOHUser" time="35.675" classname="com.charter.test.MyAccount"/>
  <testcase name="TC13_Validate_OverviewPage_AvatarImagesViewProfile_HOHUser" time="41.660" classname="com.charter.test.MyAccount"/>
  <testcase name="TC02_Validate_BillingandTransactionSection_HOHUser" time="42.414" classname="com.charter.test.MyAccount"/>
  <testcase name="TC51_Validate_InternetServicesPage_CharterEmailLink_NavigateTo_ChaterEmail_HOHUser" time="33.559" classname="com.charter.test.MyAccount"/>
  <testcase name="TC01_Validate_OverviewPageHeaders_HOHUser" time="31.029" classname="com.charter.test.MyAccount"/>
  <testcase name="TC54_Validate_VoiceServicesPage_Navigation_AndVerifyHeaderLinks" time="36.258" classname="com.charter.test.MyAccount"/>
  <testcase name="TC49_Validate_InternetServicesPage_AskCharterWidget_HOHUser" time="33.572" classname="com.charter.test.MyAccount"/>
  <testcase name="TC16_Validate_OverviewPage_CheckEmailLink_NavigationTo_Webmail" time="34.995" classname="com.charter.test.MyAccount"/>
  <testcase name="TC03_Validate_AskCharterWidget_HOHUser" time="35.487" classname="com.charter.test.MyAccount"/>
  <testcase name="TC43_Validate_TVServicesPage_AskCharterWidget_HOHUser" time="35.155" classname="com.charter.test.MyAccount"/>
</testsuite> <!-- com.charter.test.MyAccount -->
