<?xml version="1.0" encoding="UTF-8"?>
<!-- Generated by org.testng.reporters.JUnitReportReporter -->
<testsuite hostname="PC220578" name="com.charter.test.CharterDotCom" tests="1" failures="0" timestamp="15 May 2015 05:04:55 GMT" time="50.930" errors="0">
  <testcase name="TE06_Validate_Navigation_from_charterDotCom_with_Login_option_and_Verify_Business_Customers_Link_inLoginpage" time="50.930" classname="com.charter.test.CharterDotCom"/>
</testsuite> <!-- com.charter.test.CharterDotCom -->
