<?xml version="1.0" encoding="UTF-8"?>
<!-- Generated by org.testng.reporters.JUnitReportReporter -->
<testsuite hostname="PC273975" name="com.charter.test.MyAccount3" tests="1" failures="0" timestamp="24 Dec 2014 08:32:37 GMT" time="55.957" errors="0">
  <testcase name="TC12_Validate_ViewPaymentViewDate_OverviewPage_HOH" time="55.957" classname="com.charter.test.MyAccount3"/>
</testsuite> <!-- com.charter.test.MyAccount3 -->
