<?xml version="1.0" encoding="UTF-8"?>
<!-- Generated by org.testng.reporters.JUnitReportReporter -->
<testsuite hostname="PC273975" name="com.charter.test.Authentication_NegativeSceanrio" tests="1" failures="0" timestamp="12 Jun 2015 07:33:17 GMT" time="171.217" errors="0">
  <testcase name="TA19_Validate_CreateID_WithoutHOHAccountCreation_Message" time="171.217" classname="com.charter.test.Authentication_NegativeSceanrio"/>
</testsuite> <!-- com.charter.test.Authentication_NegativeSceanrio -->
