<?xml version="1.0" encoding="UTF-8"?>
<!-- Generated by org.testng.reporters.JUnitReportReporter -->
<testsuite hostname="PC273975" name="com.charter.test.POC_OneTimePayment" tests="1" failures="0" timestamp="12 Jan 2015 12:04:23 GMT" time="70.344" errors="0">
  <testcase name="TBB_02_Validate_HOH_user_able_OTP_with_DC_T518137" time="70.344" classname="com.charter.test.POC_OneTimePayment"/>
</testsuite> <!-- com.charter.test.POC_OneTimePayment -->
