<?xml version="1.0" encoding="UTF-8"?>
<!-- Generated by org.testng.reporters.JUnitReportReporter -->
<testsuite hostname="PC273975" name="com.charter.test.FutureDatePayments" tests="1" failures="0" timestamp="30 Dec 2014 10:56:04 GMT" time="97.104" errors="0">
  <testcase name="TB04_CancelFutureDateCC_HOH" time="97.104" classname="com.charter.test.FutureDatePayments"/>
</testsuite> <!-- com.charter.test.FutureDatePayments -->
