<?xml version="1.0" encoding="UTF-8"?>
<!-- Generated by org.testng.reporters.JUnitReportReporter -->
<testsuite hostname="PC273975" name="com.charter.test.Support" tests="5" failures="0" timestamp="28 Jul 2015 07:04:43 GMT" time="405.171" errors="0">
  <testcase name="TV41_Validate_SupportOverview_Google_SearchResults" time="124.401" classname="com.charter.test.Support"/>
  <testcase name="TV39_Validate_SupportOverview_WatchOnTV_SearchResults" time="55.081" classname="com.charter.test.Support"/>
  <testcase name="TV37_Validate_SupportOverview_Search" time="97.538" classname="com.charter.test.Support"/>
  <testcase name="TV38_Validate_SupportOverview_WatchOnline_SearchResults" time="66.891" classname="com.charter.test.Support"/>
  <testcase name="TV40_Validate_SupportOverview_Support_SearchResults" time="61.260" classname="com.charter.test.Support"/>
</testsuite> <!-- com.charter.test.Support -->
