<?xml version="1.0" encoding="UTF-8"?>
<!-- Generated by org.testng.reporters.JUnitReportReporter -->
<testsuite hostname="PC273975" name="com.charter.test.POC_BillPay" tests="1" failures="0" timestamp="17 Feb 2015 11:04:35 GMT" time="79.126" errors="0">
  <testcase name="TBB_03_Validate_HOH_user_able_Autopay_with_CC_T518254" time="79.126" classname="com.charter.test.POC_BillPay"/>
</testsuite> <!-- com.charter.test.POC_BillPay -->
