<?xml version="1.0" encoding="UTF-8"?>
<!-- Generated by org.testng.reporters.JUnitReportReporter -->
<testsuite hostname="PC273975" name="com.charter.test.CharterMail" tests="1" failures="0" timestamp="12 Aug 2015 12:55:39 GMT" time="592.037" errors="0">
  <testcase name="TM14_Validate_CharterMail_SignOut" time="592.037" classname="com.charter.test.CharterMail"/>
</testsuite> <!-- com.charter.test.CharterMail -->
