<?xml version="1.0" encoding="UTF-8"?>
<!-- Generated by org.testng.reporters.JUnitReportReporter -->
<testsuite hostname="PC273975" name="com.charter.test.OneTimePayment" tests="1" failures="0" timestamp="30 Dec 2014 09:30:21 GMT" time="83.147" errors="0">
  <testcase name="TB29_Duplicate_OTP_with_DC" time="83.147" classname="com.charter.test.OneTimePayment"/>
</testsuite> <!-- com.charter.test.OneTimePayment -->
