<?xml version="1.0" encoding="UTF-8"?>
<!-- Generated by org.testng.reporters.JUnitReportReporter -->
<testsuite hostname="PC273975" name="com.charter.test.POC_Autopayment" tests="1" failures="0" timestamp="12 Jan 2015 12:09:53 GMT" time="76.755" errors="0">
  <testcase name="TBB_03_Validate_HOH_user_able_Autopay_with_CC_T518254" time="76.755" classname="com.charter.test.POC_Autopayment"/>
</testsuite> <!-- com.charter.test.POC_Autopayment -->
