<?xml version="1.0" encoding="UTF-8"?>
<!-- Generated by org.testng.reporters.JUnitReportReporter -->
<testsuite hostname="PC273975" name="com.charter.test.POC_MyAccount1" tests="2" failures="0" timestamp="16 Jan 2015 11:42:20 GMT" time="450.115" errors="0">
  <testcase name="TCC_02_Validate_UserPreferences_add_Promote_StandardUser_to_Admin_by_Admin" time="247.259" classname="com.charter.test.POC_MyAccount1"/>
  <testcase name="TCC_01_Validate_UserPreferences_add_Promote_demote_deleteUser_HOH" time="202.856" classname="com.charter.test.POC_MyAccount1"/>
</testsuite> <!-- com.charter.test.POC_MyAccount1 -->
