<?xml version="1.0" encoding="UTF-8"?>
<!-- Generated by org.testng.reporters.JUnitReportReporter -->
<testsuite hostname="PC273975" name="com.charter.test.MyServices_Ayesha" tests="1" failures="0" timestamp="29 Dec 2014 11:19:50 GMT" time="50.832" errors="0">
  <testcase name="TD06_MyServices_Validate_UpdateAndSaveMACAddress" time="50.832" classname="com.charter.test.MyServices_Ayesha"/>
</testsuite> <!-- com.charter.test.MyServices_Ayesha -->
