<?xml version="1.0" encoding="UTF-8"?>
<!-- Generated by org.testng.reporters.JUnitReportReporter -->
<testsuite hostname="PC273975" name="com.charter.test.CL19" tests="1" failures="0" timestamp="9 Jul 2015 12:06:58 GMT" time="4.293" errors="0">
  <testcase name="testa" time="4.293" classname="com.charter.test.CL19"/>
</testsuite> <!-- com.charter.test.CL19 -->
