<?xml version="1.0" encoding="UTF-8"?>
<!-- Generated by org.testng.reporters.JUnitReportReporter -->
<testsuite hostname="PC273975" name="com.charter.test.MyAccount_Ayesha" tests="1" failures="0" timestamp="29 Dec 2014 09:42:12 GMT" time="60.284" errors="0">
  <testcase name="TC60_MyAccount_Validate_MAUserPreferencesPage_Headers" time="60.284" classname="com.charter.test.MyAccount_Ayesha"/>
</testsuite> <!-- com.charter.test.MyAccount_Ayesha -->
